0 info it worked if it ends with ok
1 verbose cli [ '/usr/local/Cellar/node/6.6.0/bin/node',
1 verbose cli   '/usr/local/bin/npm',
1 verbose cli   'publish' ]
2 info using npm@3.10.7
3 info using node@v6.6.0
4 verbose publish [ '.' ]
5 silly cache add args [ '.', null ]
6 verbose cache add spec .
7 silly cache add parsed spec Result {
7 silly cache add   raw: '.',
7 silly cache add   scope: null,
7 silly cache add   escapedName: null,
7 silly cache add   name: null,
7 silly cache add   rawSpec: '.',
7 silly cache add   spec: '/Users/nickfernandez/Documents/clustergrammer-widget/js',
7 silly cache add   type: 'directory' }
8 verbose addLocalDirectory /Users/nickfernandez/.npm/clustergrammer_widget/0.0.3/package.tgz not in flight; packing
9 verbose correctMkdir /Users/nickfernandez/.npm correctMkdir not in flight; initializing
10 info lifecycle clustergrammer_widget@0.0.3~prepublish: clustergrammer_widget@0.0.3
11 verbose lifecycle clustergrammer_widget@0.0.3~prepublish: unsafe-perm in lifecycle true
12 verbose lifecycle clustergrammer_widget@0.0.3~prepublish: PATH: /usr/local/lib/node_modules/npm/bin/node-gyp-bin:/Users/nickfernandez/Documents/clustergrammer-widget/js/node_modules/.bin:/usr/local/Cellar/node/6.6.0/bin:/usr/local/heroku/bin:/Users/nickfernandez/anaconda/bin:/usr/local/share/npm/bin:/usr/local/bin:/usr/bin:/bin:/usr/sbin:/sbin:/opt/X11/bin
13 verbose lifecycle clustergrammer_widget@0.0.3~prepublish: CWD: /Users/nickfernandez/Documents/clustergrammer-widget/js
14 silly lifecycle clustergrammer_widget@0.0.3~prepublish: Args: [ '-c', 'webpack' ]
15 silly lifecycle clustergrammer_widget@0.0.3~prepublish: Returned: code: 0  signal: null
16 verbose tar pack [ '/Users/nickfernandez/.npm/clustergrammer_widget/0.0.3/package.tgz',
16 verbose tar pack   '/Users/nickfernandez/Documents/clustergrammer-widget/js' ]
17 verbose tarball /Users/nickfernandez/.npm/clustergrammer_widget/0.0.3/package.tgz
18 verbose folder /Users/nickfernandez/Documents/clustergrammer-widget/js
19 verbose addLocalTarball adding from inside cache /Users/nickfernandez/.npm/clustergrammer_widget/0.0.3/package.tgz
20 verbose correctMkdir /Users/nickfernandez/.npm correctMkdir not in flight; initializing
21 silly cache afterAdd clustergrammer_widget@0.0.3
22 verbose afterAdd /Users/nickfernandez/.npm/clustergrammer_widget/0.0.3/package/package.json not in flight; writing
23 verbose correctMkdir /Users/nickfernandez/.npm correctMkdir not in flight; initializing
24 verbose afterAdd /Users/nickfernandez/.npm/clustergrammer_widget/0.0.3/package/package.json written
25 silly publish { name: 'clustergrammer_widget',
25 silly publish   version: '0.0.3',
25 silly publish   description: 'clustergrammer_widget',
25 silly publish   author: { name: 'Nicolas Fernandez' },
25 silly publish   main: 'src/index.js',
25 silly publish   repository:
25 silly publish    { type: 'git',
25 silly publish      url: 'git+https://github.com/maayanlab/clustergrammer_widget.git' },
25 silly publish   keywords: [ 'jupyter', 'widgets', 'ipython', 'ipywidgets' ],
25 silly publish   scripts:
25 silly publish    { prepublish: 'webpack',
25 silly publish      test: 'echo "Error: no test specified" && exit 1' },
25 silly publish   devDependencies:
25 silly publish    { 'css-loader': '^0.25.0',
25 silly publish      'json-loader': '^0.5.4',
25 silly publish      webpack: '^1.12.14' },
25 silly publish   dependencies:
25 silly publish    { clustergrammer: 'v1.11.8',
25 silly publish      d3: '^3.5.8',
25 silly publish      'jupyter-js-widgets': '^1.1.1',
25 silly publish      underscore: '^1.8.3' },
25 silly publish   readme: 'clustergrammer_widget\n\nPackage Install\n---------------\n\n**Prerequisites**\n- [node](http://nodejs.org/)\n\n```bash\nnpm install --save clustergrammer_widget\n```\n',
25 silly publish   readmeFilename: 'README.md',
25 silly publish   bugs: { url: 'https://github.com/maayanlab/clustergrammer_widget/issues' },
25 silly publish   homepage: 'https://github.com/maayanlab/clustergrammer_widget#readme',
25 silly publish   _id: 'clustergrammer_widget@0.0.3',
25 silly publish   _shasum: '68b34ec95303c91405bd6f4800c71f3310158525',
25 silly publish   _from: '.' }
26 verbose getPublishConfig undefined
27 silly mapToRegistry name clustergrammer_widget
28 silly mapToRegistry using default registry
29 silly mapToRegistry registry https://registry.npmjs.org/
30 silly mapToRegistry data Result {
30 silly mapToRegistry   raw: 'clustergrammer_widget',
30 silly mapToRegistry   scope: null,
30 silly mapToRegistry   escapedName: 'clustergrammer_widget',
30 silly mapToRegistry   name: 'clustergrammer_widget',
30 silly mapToRegistry   rawSpec: '',
30 silly mapToRegistry   spec: 'latest',
30 silly mapToRegistry   type: 'tag' }
31 silly mapToRegistry uri https://registry.npmjs.org/clustergrammer_widget
32 verbose publish registryBase https://registry.npmjs.org/
33 silly publish uploading /Users/nickfernandez/.npm/clustergrammer_widget/0.0.3/package.tgz
34 verbose request uri https://registry.npmjs.org/clustergrammer_widget
35 verbose request sending authorization for write operation
36 info attempt registry request try #1 at 10:31:28 AM
37 verbose request using bearer token for auth
38 verbose request id 89e2803ebce827e6
39 http request PUT https://registry.npmjs.org/clustergrammer_widget
40 http 403 https://registry.npmjs.org/clustergrammer_widget
41 verbose headers { 'content-type': 'application/json',
41 verbose headers   'cache-control': 'max-age=300',
41 verbose headers   'content-length': '95',
41 verbose headers   'accept-ranges': 'bytes',
41 verbose headers   date: 'Thu, 26 Jan 2017 15:31:29 GMT',
41 verbose headers   via: '1.1 varnish',
41 verbose headers   connection: 'keep-alive',
41 verbose headers   'x-served-by': 'cache-jfk8150-JFK',
41 verbose headers   'x-cache': 'MISS',
41 verbose headers   'x-cache-hits': '0',
41 verbose headers   'x-timer': 'S1485444688.996041,VS0,VE765',
41 verbose headers   vary: 'Accept-Encoding' }
42 verbose request invalidating /Users/nickfernandez/.npm/registry.npmjs.org/clustergrammer_widget on PUT
43 error publish Failed PUT 403
44 verbose stack Error: "You cannot publish over the previously published version 0.0.3." : clustergrammer_widget
44 verbose stack     at makeError (/usr/local/lib/node_modules/npm/node_modules/npm-registry-client/lib/request.js:264:12)
44 verbose stack     at CachingRegistryClient.<anonymous> (/usr/local/lib/node_modules/npm/node_modules/npm-registry-client/lib/request.js:252:14)
44 verbose stack     at Request._callback (/usr/local/lib/node_modules/npm/node_modules/npm-registry-client/lib/request.js:172:14)
44 verbose stack     at Request.self.callback (/usr/local/lib/node_modules/npm/node_modules/request/request.js:187:22)
44 verbose stack     at emitTwo (events.js:106:13)
44 verbose stack     at Request.emit (events.js:191:7)
44 verbose stack     at Request.<anonymous> (/usr/local/lib/node_modules/npm/node_modules/request/request.js:1044:10)
44 verbose stack     at emitOne (events.js:96:13)
44 verbose stack     at Request.emit (events.js:188:7)
44 verbose stack     at IncomingMessage.<anonymous> (/usr/local/lib/node_modules/npm/node_modules/request/request.js:965:12)
45 verbose statusCode 403
46 verbose pkgid clustergrammer_widget
47 verbose cwd /Users/nickfernandez/Documents/clustergrammer-widget/js
48 error Darwin 16.3.0
49 error argv "/usr/local/Cellar/node/6.6.0/bin/node" "/usr/local/bin/npm" "publish"
50 error node v6.6.0
51 error npm  v3.10.7
52 error code E403
53 error "You cannot publish over the previously published version 0.0.3." : clustergrammer_widget
54 error If you need help, you may report this error at:
54 error     <https://github.com/npm/npm/issues>
55 verbose exit [ 1, true ]
